TN:
SF:src/app.js
FN:22,(anonymous_0)
FNF:1
FNH:1
FNDA:9,(anonymous_0)
DA:10,3
DA:12,3
DA:13,3
DA:15,3
DA:17,3
DA:23,9
DA:24,9
DA:25,2
DA:31,7
DA:39,3
LF:10
LH:10
BRDA:24,0,0,2
BRDA:24,0,1,7
BRF:2
BRH:2
end_of_record
TN:
SF:src/cache/node-cache.js
FNF:0
FNH:0
DA:4,2
LF:1
LH:1
BRF:0
BRH:0
end_of_record
TN:
SF:src/config/env.js
FNF:0
FNH:0
DA:3,3
DA:5,3
LF:2
LH:2
BRDA:6,0,0,3
BRDA:6,0,1,0
BRDA:7,1,0,3
BRDA:7,1,1,3
BRDA:8,2,0,3
BRDA:8,2,1,0
BRF:6
BRH:4
end_of_record
TN:
SF:src/controllers/health.controller.js
FN:1,(anonymous_0)
FNF:1
FNH:1
FNDA:4,(anonymous_0)
DA:1,3
DA:2,4
LF:2
LH:2
BRF:0
BRH:0
end_of_record
TN:
SF:src/graphql/resolvers/index.js
FNF:0
FNH:0
DA:3,3
LF:1
LH:1
BRF:0
BRH:0
end_of_record
TN:
SF:src/graphql/schema/index.js
FNF:0
FNH:0
DA:3,3
LF:1
LH:1
BRF:0
BRH:0
end_of_record
TN:
SF:src/middlewares/error-handler.js
FN:3,(anonymous_0)
FNF:1
FNH:0
FNDA:0,(anonymous_0)
DA:3,3
DA:4,0
DA:5,0
DA:11,0
LF:4
LH:1
BRDA:4,0,0,0
BRDA:4,0,1,0
BRF:2
BRH:0
end_of_record
TN:
SF:src/routes/index.js
FNF:0
FNH:0
DA:4,3
DA:6,3
LF:2
LH:2
BRF:0
BRH:0
end_of_record
TN:
SF:src/services/github.service.js
FN:14,(anonymous_0)
FN:22,(anonymous_1)
FN:31,(anonymous_2)
FN:47,(anonymous_3)
FN:57,(anonymous_4)
FN:74,(anonymous_5)
FN:89,(anonymous_6)
FN:97,(anonymous_7)
FNF:8
FNH:8
FNDA:15,(anonymous_0)
FNDA:4,(anonymous_1)
FNDA:7,(anonymous_2)
FNDA:18,(anonymous_3)
FNDA:14,(anonymous_4)
FNDA:11,(anonymous_5)
FNDA:20,(anonymous_6)
FNDA:16,(anonymous_7)
DA:6,3
DA:14,3
DA:15,15
DA:16,15
DA:17,14
DA:18,10
DA:19,10
DA:22,3
DA:23,4
DA:24,3
DA:25,3
DA:26,3
DA:28,1
DA:31,7
DA:47,3
DA:48,18
DA:50,18
DA:51,3
DA:54,15
DA:56,15
DA:57,15
DA:58,14
DA:62,10
DA:70,4
DA:74,11
DA:89,20
DA:97,3
DA:98,16
DA:99,16
DA:100,16
DA:101,1
DA:104,15
DA:105,15
DA:113,12
DA:120,12
DA:122,12
DA:124,3
DA:125,2
DA:126,2
DA:127,2
DA:130,1
LF:41
LH:41
BRDA:10,0,0,0
BRDA:10,0,1,3
BRDA:16,1,0,1
BRDA:16,1,1,14
BRDA:23,2,0,3
BRDA:23,2,1,1
BRDA:24,3,0,3
BRDA:24,3,1,0
BRDA:25,4,0,3
BRDA:25,4,1,0
BRDA:39,5,0,7
BRDA:39,5,1,1
BRDA:42,6,0,7
BRDA:42,6,1,0
BRDA:43,7,0,7
BRDA:43,7,1,0
BRDA:48,8,0,18
BRDA:48,8,1,2
BRDA:50,9,0,3
BRDA:50,9,1,15
BRDA:82,10,0,11
BRDA:82,10,1,11
BRDA:83,11,0,11
BRDA:83,11,1,1
BRDA:84,12,0,11
BRDA:84,12,1,1
BRDA:86,13,0,11
BRDA:86,13,1,0
BRDA:87,14,0,11
BRDA:87,14,1,0
BRDA:89,15,0,11
BRDA:89,15,1,1
BRDA:100,16,0,1
BRDA:100,16,1,15
BRDA:124,17,0,2
BRDA:124,17,1,1
BRDA:125,18,0,2
BRDA:125,18,1,0
BRDA:126,19,0,2
BRDA:126,19,1,0
BRF:40
BRH:31
end_of_record
TN:
SF:src/utils/app-error.js
FN:2,(anonymous_0)
FNF:1
FNH:1
FNDA:14,(anonymous_0)
DA:3,14
DA:4,14
DA:5,14
LF:3
LH:3
BRDA:2,0,0,14
BRF:1
BRH:1
end_of_record
